<?xml version="1.0" encoding="UTF-8"?>
<!-- Generated by org.testng.reporters.JUnitReportReporter -->
<testsuite skipped="0" hostname="DESKTOP-79BMR8M" name="com.visionit.internetBanking.testcases.LoginTest" tests="1" failures="0" timestamp="24 Dec 2020 18:11:06 GMT" time="15.610" errors="0">
  <testcase name="LoginInternetBankingPageTest" time="15.610" classname="com.visionit.internetBanking.testcases.LoginTest"/>
</testsuite> <!-- com.visionit.internetBanking.testcases.LoginTest -->
